<?xml version="1.0" encoding="UTF-8"?>
<!-- Generated by org.testng.reporters.JUnitXMLReporter -->
<testsuite ignored="0" hostname="DESKTOP-V23L3TE" failures="0" tests="3" name="TBG_Report" time="17.066" errors="0" timestamp="2023-05-11T18:46:18 IST">
  <testcase classname="TBGtestcase.LoginTest" name="login" time="0.513"/>
  <testcase classname="TBGtestcase.LoginTest" name="logout" time="4.751"/>
  <testcase classname="TBGtestcase.LoginTest" name="verifytittle" time="0.008"/>
</testsuite> <!-- TBG_Report -->
