<?xml version="1.0" encoding="UTF-8"?>
<!-- Generated by org.testng.reporters.JUnitXMLReporter -->
<testsuite ignored="0" hostname="DESKTOP-V23L3TE" failures="0" tests="3" name="TBG_Report" time="27.571" errors="0" timestamp="2023-05-10T14:06:40 IST">
  <testcase classname="TBGtestcase.LoginTest" name="login" time="0.689"/>
  <testcase classname="TBGtestcase.LoginTest" name="logout" time="6.696"/>
  <testcase classname="TBGtestcase.LoginTest" name="verifytittle" time="0.023"/>
</testsuite> <!-- TBG_Report -->
