<?xml version="1.0" encoding="UTF-8"?>
<!-- Generated by org.testng.reporters.JUnitXMLReporter -->
<testsuite ignored="0" hostname="DESKTOP-V23L3TE" failures="0" tests="3" name="Test" time="25.331" errors="0" timestamp="2023-05-10T14:02:55 IST">
  <testcase classname="TBGtestcase.LoginTest" name="login" time="0.566"/>
  <testcase classname="TBGtestcase.LoginTest" name="logout" time="5.199"/>
  <testcase classname="TBGtestcase.LoginTest" name="verifytittle" time="0.019"/>
</testsuite> <!-- Test -->
