<?xml version="1.0" encoding="UTF-8"?>
<!-- Generated by org.testng.reporters.JUnitXMLReporter -->
<testsuite ignored="0" hostname="DESKTOP-V23L3TE" failures="0" tests="3" name="Default test" time="25.052" errors="0" timestamp="2023-06-12T15:26:40 IST">
  <testcase classname="TBGtestcase.LoginTest" name="login" time="0.496"/>
  <testcase classname="TBGtestcase.LoginTest" name="logout" time="9.509"/>
  <testcase classname="TBGtestcase.LoginTest" name="verifytittle" time="0.047"/>
</testsuite> <!-- Default test -->
