<?xml version="1.0" encoding="UTF-8"?>
<!-- Generated by org.testng.reporters.JUnitXMLReporter -->
<testsuite ignored="0" hostname="DESKTOP-V23L3TE" failures="0" tests="3" name="Default test" time="19.177" errors="0" timestamp="2023-05-12T16:27:21 IST">
  <testcase classname="TBGtestcase.LoginTest" name="login" time="0.434"/>
  <testcase classname="TBGtestcase.LoginTest" name="logout" time="4.86"/>
  <testcase classname="TBGtestcase.LoginTest" name="verifytittle" time="0.011"/>
</testsuite> <!-- Default test -->
