<?xml version="1.0" encoding="UTF-8"?>
<testng-results ignored="0" total="3" passed="3" failed="0" skipped="0">
  <reporter-output>
  </reporter-output>
  <suite started-at="2023-05-12T16:27:02 IST" name="Default suite" finished-at="2023-05-12T16:27:21 IST" duration-ms="19177">
    <groups>
    </groups>
    <test started-at="2023-05-12T16:27:02 IST" name="Default test" finished-at="2023-05-12T16:27:21 IST" duration-ms="19177">
      <class name="TBGtestcase.LoginTest">
        <test-method is-config="true" signature="setup()[pri:0, instance:TBGtestcase.LoginTest@1e04fa0a]" started-at="2023-05-12T16:27:02 IST" name="setup" finished-at="2023-05-12T16:27:15 IST" duration-ms="12952" status="PASS">
          <reporter-output>
          </reporter-output>
        </test-method> <!-- setup -->
        <test-method signature="login()[pri:0, instance:TBGtestcase.LoginTest@1e04fa0a]" started-at="2023-05-12T16:27:15 IST" name="login" finished-at="2023-05-12T16:27:15 IST" duration-ms="434" status="PASS">
          <reporter-output>
          </reporter-output>
        </test-method> <!-- login -->
        <test-method signature="logout()[pri:0, instance:TBGtestcase.LoginTest@1e04fa0a]" started-at="2023-05-12T16:27:15 IST" name="logout" finished-at="2023-05-12T16:27:20 IST" duration-ms="4860" status="PASS">
          <reporter-output>
          </reporter-output>
        </test-method> <!-- logout -->
        <test-method signature="verifytittle()[pri:0, instance:TBGtestcase.LoginTest@1e04fa0a]" started-at="2023-05-12T16:27:20 IST" name="verifytittle" finished-at="2023-05-12T16:27:20 IST" duration-ms="11" status="PASS">
          <reporter-output>
          </reporter-output>
        </test-method> <!-- verifytittle -->
        <test-method is-config="true" signature="teardown()[pri:0, instance:TBGtestcase.LoginTest@1e04fa0a]" started-at="2023-05-12T16:27:20 IST" name="teardown" finished-at="2023-05-12T16:27:21 IST" duration-ms="816" status="PASS">
          <reporter-output>
          </reporter-output>
        </test-method> <!-- teardown -->
      </class> <!-- TBGtestcase.LoginTest -->
    </test> <!-- Default test -->
  </suite> <!-- Default suite -->
</testng-results>
