<?xml version="1.0" encoding="UTF-8"?>
<testng-results ignored="0" total="3" passed="3" failed="0" skipped="0">
  <reporter-output>
  </reporter-output>
  <suite started-at="2023-05-10T14:06:13 IST" name="TBGtestcase" finished-at="2023-05-10T14:06:40 IST" duration-ms="27571">
    <groups>
    </groups>
    <test started-at="2023-05-10T14:06:13 IST" name="TBG_Report" finished-at="2023-05-10T14:06:40 IST" duration-ms="27571">
      <class name="TBGtestcase.LoginTest">
        <test-method is-config="true" signature="setup()[pri:0, instance:TBGtestcase.LoginTest@51549490]" started-at="2023-05-10T14:06:13 IST" name="setup" finished-at="2023-05-10T14:06:32 IST" duration-ms="19310" status="PASS">
          <reporter-output>
          </reporter-output>
        </test-method> <!-- setup -->
        <test-method signature="login()[pri:0, instance:TBGtestcase.LoginTest@51549490]" started-at="2023-05-10T14:06:32 IST" name="login" finished-at="2023-05-10T14:06:33 IST" duration-ms="689" status="PASS">
          <reporter-output>
          </reporter-output>
        </test-method> <!-- login -->
        <test-method signature="logout()[pri:0, instance:TBGtestcase.LoginTest@51549490]" started-at="2023-05-10T14:06:33 IST" name="logout" finished-at="2023-05-10T14:06:39 IST" duration-ms="6696" status="PASS">
          <reporter-output>
          </reporter-output>
        </test-method> <!-- logout -->
        <test-method signature="verifytittle()[pri:0, instance:TBGtestcase.LoginTest@51549490]" started-at="2023-05-10T14:06:40 IST" name="verifytittle" finished-at="2023-05-10T14:06:40 IST" duration-ms="23" status="PASS">
          <reporter-output>
          </reporter-output>
        </test-method> <!-- verifytittle -->
        <test-method is-config="true" signature="teardown()[pri:0, instance:TBGtestcase.LoginTest@51549490]" started-at="2023-05-10T14:06:40 IST" name="teardown" finished-at="2023-05-10T14:06:40 IST" duration-ms="578" status="PASS">
          <reporter-output>
          </reporter-output>
        </test-method> <!-- teardown -->
      </class> <!-- TBGtestcase.LoginTest -->
    </test> <!-- TBG_Report -->
  </suite> <!-- TBGtestcase -->
</testng-results>
